# JRE version: Java(TM) SE Runtime Environment (8.0_92-b14) (build 1.8.0_92-b14)
# Java VM: Java HotSpot(TM) 64-Bit Server VM (25.92-b14 mixed mode windows-amd64 compressed oops)
Heap:
 PSYoungGen      total 117760K, used 73499K [0x00000000d6780000, 0x00000000de980000, 0x0000000100000000)
  eden space 107008K, 68% used [0x00000000d6780000,0x00000000daf46e40,0x00000000dd000000)
  from space 10752K, 0% used [0x00000000ddc80000,0x00000000ddc80000,0x00000000de700000)
  to   space 12800K, 0% used [0x00000000dd000000,0x00000000dd000000,0x00000000ddc80000)
 ParOldGen       total 84480K, used 16941K [0x0000000083600000, 0x0000000088880000, 0x00000000d6780000)
  object space 84480K, 20% used [0x0000000083600000,0x000000008468b680,0x0000000088880000)
 Metaspace       used 39742K, capacity 42454K, committed 42664K, reserved 1085440K
  class space    used 5485K, capacity 5968K, committed 6056K, reserved 1048576K
GC Heap History (10 events):
Event: 0.864 GC heap before
{Heap before GC invocations=4 (full 0):
 PSYoungGen      total 37888K, used 10369K [0x00000000d6780000, 0x00000000db180000, 0x0000000100000000)
  eden space 32768K, 16% used [0x00000000d6780000,0x00000000d6ca3a28,0x00000000d8780000)
  from space 5120K, 99% used [0x00000000d8780000,0x00000000d8c7cb28,0x00000000d8c80000)
  to   space 5120K, 0% used [0x00000000dac80000,0x00000000dac80000,0x00000000db180000)
 ParOldGen       total 86016K, used 6483K [0x0000000083600000, 0x0000000088a00000, 0x00000000d6780000)
  object space 86016K, 7% used [0x0000000083600000,0x0000000083c54f40,0x0000000088a00000)
 Metaspace       used 20540K, capacity 21272K, committed 21296K, reserved 1067008K
  class space    used 2767K, capacity 2937K, committed 2944K, reserved 1048576K
Event: 0.867 GC heap after
Heap after GC invocations=4 (full 0):
 PSYoungGen      total 70656K, used 5106K [0x00000000d6780000, 0x00000000db180000, 0x0000000100000000)
  eden space 65536K, 0% used [0x00000000d6780000,0x00000000d6780000,0x00000000da780000)
  from space 5120K, 99% used [0x00000000dac80000,0x00000000db17cb28,0x00000000db180000)
  to   space 5120K, 0% used [0x00000000da780000,0x00000000da780000,0x00000000dac80000)
 ParOldGen       total 86016K, used 6965K [0x0000000083600000, 0x0000000088a00000, 0x00000000d6780000)
  object space 86016K, 8% used [0x0000000083600000,0x0000000083ccd5c0,0x0000000088a00000)
 Metaspace       used 20540K, capacity 21272K, committed 21296K, reserved 1067008K
  class space    used 2767K, capacity 2937K, committed 2944K, reserved 1048576K
}
Event: 0.867 GC heap before
{Heap before GC invocations=5 (full 1):
 PSYoungGen      total 70656K, used 5106K [0x00000000d6780000, 0x00000000db180000, 0x0000000100000000)
  eden space 65536K, 0% used [0x00000000d6780000,0x00000000d6780000,0x00000000da780000)
  from space 5120K, 99% used [0x00000000dac80000,0x00000000db17cb28,0x00000000db180000)
  to   space 5120K, 0% used [0x00000000da780000,0x00000000da780000,0x00000000dac80000)
 ParOldGen       total 86016K, used 6965K [0x0000000083600000, 0x0000000088a00000, 0x00000000d6780000)
  object space 86016K, 8% used [0x0000000083600000,0x0000000083ccd5c0,0x0000000088a00000)
 Metaspace       used 20540K, capacity 21272K, committed 21296K, reserved 1067008K
  class space    used 2767K, capacity 2937K, committed 2944K, reserved 1048576K
Event: 0.883 GC heap after
Heap after GC invocations=5 (full 1):
 PSYoungGen      total 70656K, used 0K [0x00000000d6780000, 0x00000000db180000, 0x0000000100000000)
  eden space 65536K, 0% used [0x00000000d6780000,0x00000000d6780000,0x00000000da780000)
  from space 5120K, 0% used [0x00000000dac80000,0x00000000dac80000,0x00000000db180000)
  to   space 5120K, 0% used [0x00000000da780000,0x00000000da780000,0x00000000dac80000)
 ParOldGen       total 53248K, used 5525K [0x0000000083600000, 0x0000000086a00000, 0x00000000d6780000)
  object space 53248K, 10% used [0x0000000083600000,0x0000000083b65768,0x0000000086a00000)
 Metaspace       used 20539K, capacity 21266K, committed 21296K, reserved 1067008K
  class space    used 2767K, capacity 2936K, committed 2944K, reserved 1048576K
}
Event: 1.357 GC heap before
{Heap before GC invocations=6 (full 1):
 PSYoungGen      total 70656K, used 65536K [0x00000000d6780000, 0x00000000db180000, 0x0000000100000000)
  eden space 65536K, 100% used [0x00000000d6780000,0x00000000da780000,0x00000000da780000)
  from space 5120K, 0% used [0x00000000dac80000,0x00000000dac80000,0x00000000db180000)
  to   space 5120K, 0% used [0x00000000da780000,0x00000000da780000,0x00000000dac80000)
 ParOldGen       total 53248K, used 5525K [0x0000000083600000, 0x0000000086a00000, 0x00000000d6780000)
  object space 53248K, 10% used [0x0000000083600000,0x0000000083b65768,0x0000000086a00000)
 Metaspace       used 26605K, capacity 28230K, committed 28288K, reserved 1073152K
  class space    used 3610K, capacity 3922K, committed 3968K, reserved 1048576K
Event: 1.362 GC heap after
Heap after GC invocations=6 (full 1):
 PSYoungGen      total 70656K, used 5088K [0x00000000d6780000, 0x00000000de700000, 0x0000000100000000)
  eden space 65536K, 0% used [0x00000000d6780000,0x00000000d6780000,0x00000000da780000)
  from space 5120K, 99% used [0x00000000da780000,0x00000000dac780a8,0x00000000dac80000)
  to   space 10752K, 0% used [0x00000000ddc80000,0x00000000ddc80000,0x00000000de700000)
 ParOldGen       total 53248K, used 9866K [0x0000000083600000, 0x0000000086a00000, 0x00000000d6780000)
  object space 53248K, 18% used [0x0000000083600000,0x0000000083fa2a60,0x0000000086a00000)
 Metaspace       used 26605K, capacity 28230K, committed 28288K, reserved 1073152K
  class space    used 3610K, capacity 3922K, committed 3968K, reserved 1048576K
}
Event: 1.723 GC heap before
{Heap before GC invocations=7 (full 1):
 PSYoungGen      total 70656K, used 59542K [0x00000000d6780000, 0x00000000de700000, 0x0000000100000000)
  eden space 65536K, 83% used [0x00000000d6780000,0x00000000d9cadaa8,0x00000000da780000)
  from space 5120K, 99% used [0x00000000da780000,0x00000000dac780a8,0x00000000dac80000)
  to   space 10752K, 0% used [0x00000000ddc80000,0x00000000ddc80000,0x00000000de700000)
 ParOldGen       total 53248K, used 9866K [0x0000000083600000, 0x0000000086a00000, 0x00000000d6780000)
  object space 53248K, 18% used [0x0000000083600000,0x0000000083fa2a60,0x0000000086a00000)
 Metaspace       used 33295K, capacity 35432K, committed 35496K, reserved 1079296K
  class space    used 4603K, capacity 4997K, committed 5032K, reserved 1048576K
Event: 1.731 GC heap after
Heap after GC invocations=7 (full 1):
 PSYoungGen      total 117760K, used 10749K [0x00000000d6780000, 0x00000000de980000, 0x0000000100000000)
  eden space 107008K, 0% used [0x00000000d6780000,0x00000000d6780000,0x00000000dd000000)
  from space 10752K, 99% used [0x00000000ddc80000,0x00000000de6ff568,0x00000000de700000)
  to   space 12800K, 0% used [0x00000000dd000000,0x00000000dd000000,0x00000000ddc80000)
 ParOldGen       total 53248K, used 11033K [0x0000000083600000, 0x0000000086a00000, 0x00000000d6780000)
  object space 53248K, 20% used [0x0000000083600000,0x00000000840c64d0,0x0000000086a00000)
 Metaspace       used 33295K, capacity 35432K, committed 35496K, reserved 1079296K
  class space    used 4603K, capacity 4997K, committed 5032K, reserved 1048576K
}
Event: 1.731 GC heap before
{Heap before GC invocations=8 (full 2):
 PSYoungGen      total 117760K, used 10749K [0x00000000d6780000, 0x00000000de980000, 0x0000000100000000)
  eden space 107008K, 0% used [0x00000000d6780000,0x00000000d6780000,0x00000000dd000000)
  from space 10752K, 99% used [0x00000000ddc80000,0x00000000de6ff568,0x00000000de700000)
  to   space 12800K, 0% used [0x00000000dd000000,0x00000000dd000000,0x00000000ddc80000)
 ParOldGen       total 53248K, used 11033K [0x0000000083600000, 0x0000000086a00000, 0x00000000d6780000)
  object space 53248K, 20% used [0x0000000083600000,0x00000000840c64d0,0x0000000086a00000)
 Metaspace       used 33295K, capacity 35432K, committed 35496K, reserved 1079296K
  class space    used 4603K, capacity 4997K, committed 5032K, reserved 1048576K
Event: 1.757 GC heap after
Heap after GC invocations=8 (full 2):
 PSYoungGen      total 117760K, used 0K [0x00000000d6780000, 0x00000000de980000, 0x0000000100000000)
  eden space 107008K, 0% used [0x00000000d6780000,0x00000000d6780000,0x00000000dd000000)
  from space 10752K, 0% used [0x00000000ddc80000,0x00000000ddc80000,0x00000000de700000)
  to   space 12800K, 0% used [0x00000000dd000000,0x00000000dd000000,0x00000000ddc80000)
 ParOldGen       total 84480K, used 16941K [0x0000000083600000, 0x0000000088880000, 0x00000000d6780000)
  object space 84480K, 20% used [0x0000000083600000,0x000000008468b680,0x0000000088880000)
 Metaspace       used 33295K, capacity 35432K, committed 35496K, reserved 1079296K
  class space    used 4603K, capacity 4997K, committed 5032K, reserved 1048576K
}

